2024-08-15 22:25:27,972 INFO Main [main] Начало скачек. Количество участников: 7
2024-08-15 22:25:28,985 INFO Main [main] Окончание скачек. Победитель: Cherry
2024-08-15 22:25:51,910 INFO Main [main] Начало скачек. Количество участников: 7
2024-08-15 22:25:52,926 INFO Main [main] Окончание скачек. Победитель: Pegasus
2024-08-15 22:30:31,042 ERROR Hippodrome [main] Horses list is null
2024-08-15 22:32:11,167 ERROR Hippodrome [main] : Horses cannot be empty
2024-08-15 22:35:17,220 INFO Main [main] Начало скачек. Количество участников: 7
2024-08-15 22:35:18,235 INFO Main [main] Окончание скачек. Победитель: Cherry
2024-08-15 22:35:59,205 DEBUG Hippodrome [main] : Создание Hippodrome, лошадей [7]
2024-08-15 22:35:59,207 INFO Main [main] Начало скачек. Количество участников: 7
2024-08-15 22:36:00,219 INFO Main [main] Окончание скачек. Победитель: Lobster
2024-08-15 22:41:45,418 DEBUG Hippodrome [main] : Создание Hippodrome, лошадей [7]
2024-08-15 22:41:45,420 INFO Main [main] Начало скачек. Количество участников: 7
2024-08-15 22:41:46,430 INFO Main [main] Окончание скачек. Победитель: Ace of Spades
2024-08-15 22:44:30,186 DEBUG Hippodrome: : Создание Hippodrome, лошадей [7]
2024-08-15 22:44:30,188 INFO  Main: Начало скачек. Количество участников: 7
2024-08-15 22:44:31,202 INFO  Main: Окончание скачек. Победитель: Cherry
2024-08-15 22:50:50,332 DEBUG Horse: Создание Horse, имя [Bucephalus], скорость [2.4]
2024-08-15 22:50:50,334 DEBUG Horse: Создание Horse, имя [Ace of Spades], скорость [2.5]
2024-08-15 22:50:50,334 DEBUG Horse: Создание Horse, имя [Zephyr], скорость [2.6]
2024-08-15 22:50:50,334 DEBUG Horse: Создание Horse, имя [Blaze], скорость [2.7]
2024-08-15 22:50:50,334 DEBUG Horse: Создание Horse, имя [Lobster], скорость [2.8]
2024-08-15 22:50:50,334 DEBUG Horse: Создание Horse, имя [Pegasus], скорость [2.9]
2024-08-15 22:50:50,334 DEBUG Horse: Создание Horse, имя [Cherry], скорость [3.0]
2024-08-15 22:50:50,335 DEBUG Hippodrome: : Создание Hippodrome, лошадей [7]
2024-08-15 22:50:50,335 INFO  Main: Начало скачек. Количество участников: 7
2024-08-15 22:50:51,353 INFO  Main: Окончание скачек. Победитель: Blaze
2024-08-15 22:59:25,736 DEBUG Horse: Создание Horse, имя [Bucephalus], скорость [2.4]
2024-08-15 22:59:25,742 DEBUG Horse: Создание Horse, имя [Ace of Spades], скорость [2.5]
2024-08-15 22:59:25,742 DEBUG Horse: Создание Horse, имя [Zephyr], скорость [2.6]
2024-08-15 22:59:25,742 DEBUG Horse: Создание Horse, имя [Blaze], скорость [2.7]
2024-08-15 22:59:25,742 DEBUG Horse: Создание Horse, имя [Lobster], скорость [2.8]
2024-08-15 22:59:25,743 DEBUG Horse: Создание Horse, имя [Pegasus], скорость [2.9]
2024-08-15 22:59:25,743 DEBUG Horse: Создание Horse, имя [Cherry], скорость [3.0]
2024-08-15 22:59:25,743 DEBUG Hippodrome: : Создание Hippodrome, лошадей [7]
2024-08-15 22:59:25,743 INFO  Main: Начало скачек. Количество участников: 7
2024-08-15 22:59:26,757 INFO  Main: Окончание скачек. Победитель: Pegasus
2024-08-15 23:02:39,453 DEBUG Horse: Создание Horse, имя [Bucephalus], скорость [2.4]
2024-08-15 23:02:39,460 DEBUG Horse: Создание Horse, имя [Ace of Spades], скорость [2.5]
2024-08-15 23:02:39,460 DEBUG Horse: Создание Horse, имя [Zephyr], скорость [2.6]
2024-08-15 23:02:39,460 DEBUG Horse: Создание Horse, имя [Blaze], скорость [2.7]
2024-08-15 23:02:39,460 DEBUG Horse: Создание Horse, имя [Lobster], скорость [2.8]
2024-08-15 23:02:39,460 DEBUG Horse: Создание Horse, имя [Pegasus], скорость [2.9]
2024-08-15 23:02:39,460 DEBUG Horse: Создание Horse, имя [Cherry], скорость [3.0]
2024-08-15 23:02:39,461 DEBUG Hippodrome: : Создание Hippodrome, лошадей [7]
2024-08-15 23:02:39,461 INFO  Main: Начало скачек. Количество участников: 7
2024-08-15 23:02:40,481 INFO  Main: Окончание скачек. Победитель: Zephyr
